<?xml version="1.0" encoding="UTF-8"?>
<testsuite xmlns:xsi="http://www.w3.org/2001/XMLSchema-instance" xsi:noNamespaceSchemaLocation="https://maven.apache.org/surefire/maven-surefire-plugin/xsd/surefire-test-report-3.0.xsd" version="3.0" name="vn.aptech.backendapi.BackendApiApplicationTests" time="14.249" tests="1" errors="0" skipped="0" failures="0">
  <properties>
[...]
</properties>
  <testcase name="contextLoads" classname="vn.aptech.backendapi.BackendApiApplicationTests" time="0.692">
    <system-out><![CDATA[23:40:00.112 [main] INFO org.springframework.test.context.support.AnnotationConfigContextLoaderUtils -- Could not detect default configuration classes for test class [vn.aptech.backendapi.BackendApiApplicationTests]: BackendApiApplicationTests does not declare any static, non-private, non-final, nested classes annotated with @Configuration.
23:40:00.263 [main] INFO org.springframework.boot.test.context.SpringBootTestContextBootstrapper -- Found @SpringBootConfiguration vn.aptech.backendapi.BackendApiApplication for test class vn.aptech.backendapi.BackendApiApplicationTests
23:40:00.461 [main] INFO org.springframework.boot.devtools.restart.RestartApplicationListener -- Restart disabled due to context in which it is running

  .   ____          _            __ _ _
 /\\ / ___'_ __ _ _(_)_ __  __ _ \ \ \ \
( ( )\___ | '_ | '_| | '_ \/ _` | \ \ \ \
 \\/  ___)| |_)| | | | | || (_| |  ) ) ) )
  '  |____| .__|_| |_|_| |_\__, | / / / /
 =========|_|==============|___/=/_/_/_/
 :: Spring Boot ::                (v3.2.4)

2024-06-25T23:40:00.765+07:00  INFO 17752 --- [           main] v.a.b.BackendApiApplicationTests         : Starting BackendApiApplicationTests using Java 21.0.2 with PID 17752 (started by anphu in D:\Semester4\Project\bookingdoctor2024\backend-api)
2024-06-25T23:40:00.766+07:00  INFO 17752 --- [           main] v.a.b.BackendApiApplicationTests         : No active profile set, falling back to 1 default profile: "default"
2024-06-25T23:40:02.378+07:00  INFO 17752 --- [           main] .s.d.r.c.RepositoryConfigurationDelegate : Bootstrapping Spring Data JPA repositories in DEFAULT mode.
2024-06-25T23:40:02.579+07:00  INFO 17752 --- [           main] .s.d.r.c.RepositoryConfigurationDelegate : Finished Spring Data repository scanning in 192 ms. Found 15 JPA repository interfaces.
2024-06-25T23:40:03.520+07:00  INFO 17752 --- [           main] o.hibernate.jpa.internal.util.LogHelper  : HHH000204: Processing PersistenceUnitInfo [name: default]
2024-06-25T23:40:03.641+07:00  INFO 17752 --- [           main] org.hibernate.Version                    : HHH000412: Hibernate ORM core version 6.4.4.Final
2024-06-25T23:40:03.688+07:00  INFO 17752 --- [           main] o.h.c.internal.RegionFactoryInitiator    : HHH000026: Second-level cache disabled
2024-06-25T23:40:04.061+07:00  INFO 17752 --- [           main] o.s.o.j.p.SpringPersistenceUnitInfo      : No LoadTimeWeaver setup: ignoring JPA class transformer
2024-06-25T23:40:04.094+07:00  INFO 17752 --- [           main] com.zaxxer.hikari.HikariDataSource       : HikariPool-1 - Starting...
2024-06-25T23:40:08.668+07:00  INFO 17752 --- [           main] com.zaxxer.hikari.pool.HikariPool        : HikariPool-1 - Added connection com.mysql.cj.jdbc.ConnectionImpl@7ecb9e17
2024-06-25T23:40:08.670+07:00  INFO 17752 --- [           main] com.zaxxer.hikari.HikariDataSource       : HikariPool-1 - Start completed.
2024-06-25T23:40:09.357+07:00  WARN 17752 --- [           main] org.hibernate.orm.deprecation            : HHH90000025: MySQLDialect does not need to be specified explicitly using 'hibernate.dialect' (remove the property setting and it will be selected by default)
2024-06-25T23:40:10.608+07:00  INFO 17752 --- [           main] o.h.e.t.j.p.i.JtaPlatformInitiator       : HHH000489: No JTA platform available (set 'hibernate.transaction.jta.platform' to enable JTA platform integration)
2024-06-25T23:40:10.610+07:00  INFO 17752 --- [           main] j.LocalContainerEntityManagerFactoryBean : Initialized JPA EntityManagerFactory for persistence unit 'default'
2024-06-25T23:40:11.179+07:00  INFO 17752 --- [           main] o.s.d.j.r.query.QueryEnhancerFactory     : Hibernate is in classpath; If applicable, HQL parser will be used.
2024-06-25T23:40:12.391+07:00  WARN 17752 --- [           main] JpaBaseConfiguration$JpaWebConfiguration : spring.jpa.open-in-view is enabled by default. Therefore, database queries may be performed during view rendering. Explicitly configure spring.jpa.open-in-view to disable this warning
2024-06-25T23:40:12.828+07:00  INFO 17752 --- [           main] o.s.s.web.DefaultSecurityFilterChain     : Will secure Or [Mvc [pattern='/api/**']] with [org.springframework.security.web.session.DisableEncodeUrlFilter@1444fa42, org.springframework.security.web.context.request.async.WebAsyncManagerIntegrationFilter@ffc9278, org.springframework.security.web.context.SecurityContextHolderFilter@1abd92c6, org.springframework.security.web.header.HeaderWriterFilter@39a2973d, org.springframework.web.filter.CorsFilter@1d9643e6, org.springframework.security.web.authentication.logout.LogoutFilter@24277327, vn.aptech.backendapi.middle.AuthenticationMiddleware@403f6c04, org.springframework.security.web.savedrequest.RequestCacheAwareFilter@74c2edc, org.springframework.security.web.servletapi.SecurityContextHolderAwareRequestFilter@4c9836d4, org.springframework.security.web.authentication.AnonymousAuthenticationFilter@7f487086, org.springframework.security.web.session.SessionManagementFilter@4d356547, org.springframework.security.web.access.ExceptionTranslationFilter@2464490e, org.springframework.security.web.access.intercept.AuthorizationFilter@7fac91fb]
2024-06-25T23:40:13.410+07:00  INFO 17752 --- [           main] v.a.b.BackendApiApplicationTests         : Started BackendApiApplicationTests in 12.973 seconds (process running for 14.16)
]]></system-out>
    <system-err><![CDATA[WARNING: A Java agent has been loaded dynamically (C:\Users\anphu\.m2\repository\net\bytebuddy\byte-buddy-agent\1.14.12\byte-buddy-agent-1.14.12.jar)
WARNING: If a serviceability tool is in use, please run with -XX:+EnableDynamicAgentLoading to hide this warning
WARNING: If a serviceability tool is not in use, please run with -Djdk.instrument.traceUsage for more information
WARNING: Dynamic loading of agents will be disallowed by default in a future release
]]></system-err>
  </testcase>
</testsuite>